<frozen importlib._bootstrap>:488:_call_with_frames_removed -> ext:/home/burdens/miniconda3/lib/python3.13/os.py [6]
<frozen importlib._bootstrap>:488:_call_with_frames_removed -> ext:/home/burdens/miniconda3/lib/python3.13/re/__init__.py [10]
<frozen importlib._bootstrap>:488:_call_with_frames_removed -> ext:/home/burdens/miniconda3/lib/python3.13/operator.py [2]
<frozen importlib._bootstrap>:488:_call_with_frames_removed -> ext:/home/burdens/miniconda3/lib/python3.13/gettext.py [1]
main.py:2:<module> -> ext:/home/burdens/miniconda3/lib/python3.13/argparse.py [1]
main.py:3:<module> -> ext:/home/burdens/miniconda3/lib/python3.13/os.py [1]
main.py:4:<module> -> ext:/home/burdens/miniconda3/lib/python3.13/pathlib/__init__.py [1]
entrypoint_detector.py:8:<module> -> ext:/home/burdens/miniconda3/lib/python3.13/ast.py [1]
entrypoint_detector.py:9:<module> -> ext:/home/burdens/miniconda3/lib/python3.13/re/__init__.py [1]
<frozen importlib._bootstrap>:488:_call_with_frames_removed -> ext:/home/burdens/miniconda3/lib/python3.13/lib-dynload/_json.cpython-313-x86_64-linux-gnu.so [5]
<frozen importlib._bootstrap>:488:_call_with_frames_removed -> ext:/home/burdens/miniconda3/lib/python3.13/json/__init__.py [1]
<frozen importlib._bootstrap>:488:_call_with_frames_removed -> ext:/home/burdens/miniconda3/lib/python3.13/json/decoder.py [1]
<frozen importlib._bootstrap>:488:_call_with_frames_removed -> ext:/home/burdens/miniconda3/lib/python3.13/json/encoder.py [1]
<frozen importlib._bootstrap>:488:_call_with_frames_removed -> ext:/home/burdens/miniconda3/lib/python3.13/codecs.py [2]
entrypoint_detector.py:10:<module> -> ext:/home/burdens/miniconda3/lib/python3.13/json/__init__.py [1]
entrypoint_detector.py:11:<module> -> ext:/home/burdens/miniconda3/lib/python3.13/pathlib/__init__.py [1]
main.py:5:<module> -> entrypoint_detector.py [1]
static_analyzer.py:6:<module> -> ext:/home/burdens/miniconda3/lib/python3.13/ast.py [1]
static_analyzer.py:7:<module> -> ext:/home/burdens/miniconda3/lib/python3.13/os.py [1]
static_analyzer.py:8:<module> -> ext:/home/burdens/miniconda3/lib/python3.13/pathlib/__init__.py [1]
main.py:6:<module> -> static_analyzer.py [1]
runtime_tracer.py:6:<module> -> ext:/home/burdens/miniconda3/lib/python3.13/json/__init__.py [1]
runtime_tracer.py:7:<module> -> ext:/home/burdens/miniconda3/lib/python3.13/os.py [1]
runtime_tracer.py:8:<module> -> ext:/home/burdens/miniconda3/lib/python3.13/subprocess.py [1]
<frozen importlib._bootstrap>:488:_call_with_frames_removed -> ext:/home/burdens/miniconda3/lib/python3.13/functools.py [1]
<frozen importlib._bootstrap>:488:_call_with_frames_removed -> ext:/home/burdens/miniconda3/lib/python3.13/warnings.py [1]
<frozen importlib._bootstrap>:488:_call_with_frames_removed -> ext:/home/burdens/miniconda3/lib/python3.13/io.py [2]
<frozen importlib._bootstrap>:488:_call_with_frames_removed -> ext:/home/burdens/miniconda3/lib/python3.13/shutil.py [1]
<frozen importlib._bootstrap>:488:_call_with_frames_removed -> ext:/home/burdens/miniconda3/lib/python3.13/lib-dynload/math.cpython-313-x86_64-linux-gnu.so [4]
<frozen importlib._bootstrap>:488:_call_with_frames_removed -> ext:/home/burdens/miniconda3/lib/python3.13/_collections_abc.py [1]
<frozen importlib._bootstrap>:488:_call_with_frames_removed -> ext:/home/burdens/miniconda3/lib/python3.13/lib-dynload/_bisect.cpython-313-x86_64-linux-gnu.so [1]
<frozen importlib._bootstrap>:488:_call_with_frames_removed -> ext:/home/burdens/miniconda3/lib/python3.13/bisect.py [1]
<frozen importlib._bootstrap>:488:_call_with_frames_removed -> ext:/home/burdens/miniconda3/lib/python3.13/lib-dynload/_random.cpython-313-x86_64-linux-gnu.so [1]
<frozen importlib._bootstrap>:488:_call_with_frames_removed -> ext:/home/burdens/miniconda3/lib/python3.13/random.py [1]
<frozen importlib._bootstrap>:488:_call_with_frames_removed -> ext:/home/burdens/miniconda3/lib/python3.13/types.py [3]
<frozen importlib._bootstrap>:488:_call_with_frames_removed -> ext:/home/burdens/miniconda3/lib/python3.13/weakref.py [1]
runtime_tracer.py:10:<module> -> ext:/home/burdens/miniconda3/lib/python3.13/tempfile.py [1]
runtime_tracer.py:11:<module> -> ext:/home/burdens/miniconda3/lib/python3.13/textwrap.py [1]
runtime_tracer.py:12:<module> -> ext:/home/burdens/miniconda3/lib/python3.13/pathlib/__init__.py [1]
main.py:7:<module> -> runtime_tracer.py [1]
text_scanner.py:6:<module> -> ext:/home/burdens/miniconda3/lib/python3.13/re/__init__.py [1]
text_scanner.py:7:<module> -> ext:/home/burdens/miniconda3/lib/python3.13/pathlib/__init__.py [1]
main.py:8:<module> -> text_scanner.py [1]
reporter.py:7:<module> -> ext:/home/burdens/miniconda3/lib/python3.13/json/__init__.py [1]
reporter.py:8:<module> -> ext:/home/burdens/miniconda3/lib/python3.13/os.py [1]
reporter.py:9:<module> -> ext:/home/burdens/miniconda3/lib/python3.13/pathlib/__init__.py [1]
<frozen importlib._bootstrap>:488:_call_with_frames_removed -> ext:/home/burdens/miniconda3/lib/python3.13/lib-dynload/_datetime.cpython-313-x86_64-linux-gnu.so [2]
reporter.py:10:<module> -> ext:/home/burdens/miniconda3/lib/python3.13/datetime.py [1]
main.py:9:<module> -> reporter.py [1]
graph_engine.py:7:<module> -> ext:/home/burdens/miniconda3/lib/python3.13/pathlib/__init__.py [1]
graph_engine.py:8:<module> -> ext:/home/burdens/miniconda3/lib/python3.13/collections/__init__.py [1]
main.py:10:<module> -> graph_engine.py [1]
risk_analyzer.py:9:<module> -> ext:/home/burdens/miniconda3/lib/python3.13/re/__init__.py [1]
risk_analyzer.py:10:<module> -> ext:/home/burdens/miniconda3/lib/python3.13/pathlib/__init__.py [1]
main.py:11:<module> -> risk_analyzer.py [1]
simulation_engine.py:6:<module> -> ext:/home/burdens/miniconda3/lib/python3.13/os.py [1]
simulation_engine.py:8:<module> -> ext:/home/burdens/miniconda3/lib/python3.13/tempfile.py [1]
main.py:12:<module> -> simulation_engine.py [1]
validator.py:8:<module> -> ext:/home/burdens/miniconda3/lib/python3.13/pathlib/__init__.py [1]
main.py:13:<module> -> validator.py [1]
cartography.py:6:<module> -> ext:/home/burdens/miniconda3/lib/python3.13/pathlib/__init__.py [1]
cartography.py:7:<module> -> ext:/home/burdens/miniconda3/lib/python3.13/collections/__init__.py [1]
main.py:14:<module> -> cartography.py [1]
triangulator.py:7:<module> -> ext:/home/burdens/miniconda3/lib/python3.13/pathlib/__init__.py [1]
triangulator.py:8:<module> -> ext:/home/burdens/miniconda3/lib/python3.13/collections/__init__.py [1]
main.py:15:<module> -> triangulator.py [1]
entry_tagger.py:6:<module> -> ext:/home/burdens/miniconda3/lib/python3.13/ast.py [1]
entry_tagger.py:7:<module> -> ext:/home/burdens/miniconda3/lib/python3.13/re/__init__.py [1]
entry_tagger.py:8:<module> -> ext:/home/burdens/miniconda3/lib/python3.13/pathlib/__init__.py [1]
main.py:16:<module> -> entry_tagger.py [1]
policy_enforcer.py:9:<module> -> ext:/home/burdens/miniconda3/lib/python3.13/ast.py [1]
policy_enforcer.py:10:<module> -> ext:/home/burdens/miniconda3/lib/python3.13/pathlib/__init__.py [1]
policy_enforcer.py:11:<module> -> ext:/home/burdens/miniconda3/lib/python3.13/collections/__init__.py [1]
main.py:17:<module> -> policy_enforcer.py [1]
pruning_engine.py:6:<module> -> ext:/home/burdens/miniconda3/lib/python3.13/os.py [1]
pruning_engine.py:7:<module> -> ext:/home/burdens/miniconda3/lib/python3.13/pathlib/__init__.py [1]
pruning_engine.py:8:<module> -> ext:/home/burdens/miniconda3/lib/python3.13/collections/__init__.py [1]
main.py:18:<module> -> pruning_engine.py [1]
domain_resolver.py:8:<module> -> ext:/home/burdens/miniconda3/lib/python3.13/fnmatch.py [1]
domain_resolver.py:9:<module> -> ext:/home/burdens/miniconda3/lib/python3.13/pathlib/__init__.py [1]
main.py:19:<module> -> domain_resolver.py [1]
scope_resolver.py:6:<module> -> ext:/home/burdens/miniconda3/lib/python3.13/pathlib/__init__.py [1]
scope_resolver.py:7:<module> -> ext:/home/burdens/miniconda3/lib/python3.13/collections/__init__.py [1]
main.py:20:<module> -> scope_resolver.py [1]
<frozen importlib._bootstrap>:488:_call_with_frames_removed -> ext:/home/burdens/miniconda3/lib/python3.13/site-packages/yaml/error.py [10]
<frozen importlib._bootstrap>:488:_call_with_frames_removed -> ext:/home/burdens/miniconda3/lib/python3.13/site-packages/yaml/tokens.py [3]
<frozen importlib._bootstrap>:488:_call_with_frames_removed -> ext:/home/burdens/miniconda3/lib/python3.13/site-packages/yaml/events.py [5]
<frozen importlib._bootstrap>:488:_call_with_frames_removed -> ext:/home/burdens/miniconda3/lib/python3.13/site-packages/yaml/nodes.py [6]
<frozen importlib._bootstrap>:488:_call_with_frames_removed -> ext:/home/burdens/miniconda3/lib/python3.13/site-packages/yaml/reader.py [1]
<frozen importlib._bootstrap>:488:_call_with_frames_removed -> ext:/home/burdens/miniconda3/lib/python3.13/site-packages/yaml/scanner.py [2]
<frozen importlib._bootstrap>:488:_call_with_frames_removed -> ext:/home/burdens/miniconda3/lib/python3.13/site-packages/yaml/parser.py [1]
<frozen importlib._bootstrap>:488:_call_with_frames_removed -> ext:/home/burdens/miniconda3/lib/python3.13/site-packages/yaml/composer.py [1]
<frozen importlib._bootstrap>:488:_call_with_frames_removed -> ext:/home/burdens/miniconda3/lib/python3.13/collections/__init__.py [2]
<frozen importlib._bootstrap>:488:_call_with_frames_removed -> ext:/home/burdens/miniconda3/lib/python3.13/datetime.py [2]
<frozen importlib._bootstrap>:488:_call_with_frames_removed -> ext:/home/burdens/miniconda3/lib/python3.13/lib-dynload/_struct.cpython-313-x86_64-linux-gnu.so [3]
<frozen importlib._bootstrap>:488:_call_with_frames_removed -> ext:/home/burdens/miniconda3/lib/python3.13/struct.py [1]
<frozen importlib._bootstrap>:488:_call_with_frames_removed -> ext:/home/burdens/miniconda3/lib/python3.13/lib-dynload/binascii.cpython-313-x86_64-linux-gnu.so [2]
<frozen importlib._bootstrap>:488:_call_with_frames_removed -> ext:/home/burdens/miniconda3/lib/python3.13/base64.py [2]
<frozen importlib._bootstrap>:488:_call_with_frames_removed -> ext:/home/burdens/miniconda3/lib/python3.13/site-packages/yaml/constructor.py [2]
<frozen importlib._bootstrap>:488:_call_with_frames_removed -> ext:/home/burdens/miniconda3/lib/python3.13/site-packages/yaml/resolver.py [3]
<frozen importlib._bootstrap>:488:_call_with_frames_removed -> ext:/home/burdens/miniconda3/lib/python3.13/site-packages/yaml/loader.py [1]
<frozen importlib._bootstrap>:488:_call_with_frames_removed -> ext:/home/burdens/miniconda3/lib/python3.13/site-packages/yaml/emitter.py [1]
<frozen importlib._bootstrap>:488:_call_with_frames_removed -> ext:/home/burdens/miniconda3/lib/python3.13/site-packages/yaml/serializer.py [2]
<frozen importlib._bootstrap>:488:_call_with_frames_removed -> ext:/home/burdens/miniconda3/lib/python3.13/copyreg.py [1]
<frozen importlib._bootstrap>:488:_call_with_frames_removed -> ext:/home/burdens/miniconda3/lib/python3.13/site-packages/yaml/representer.py [2]
<frozen importlib._bootstrap>:488:_call_with_frames_removed -> ext:/home/burdens/miniconda3/lib/python3.13/site-packages/yaml/dumper.py [1]
<frozen importlib._bootstrap>:488:_call_with_frames_removed -> ext:/home/burdens/miniconda3/lib/python3.13/site-packages/yaml/_yaml.cpython-313-x86_64-linux-gnu.so [1]
<frozen importlib._bootstrap>:488:_call_with_frames_removed -> ext:/home/burdens/miniconda3/lib/python3.13/site-packages/yaml/cyaml.py [1]
main.py:21:<module> -> ext:/home/burdens/miniconda3/lib/python3.13/site-packages/yaml/__init__.py [1]
main.py:22:<module> -> ext:/home/burdens/miniconda3/lib/python3.13/json/__init__.py [1]
<frozen importlib._bootstrap>:488:_call_with_frames_removed -> ext:/home/burdens/miniconda3/lib/python3.13/enum.py [1]
<frozen importlib._bootstrap>:488:_call_with_frames_removed -> ext:/home/burdens/miniconda3/lib/python3.13/lib-dynload/_uuid.cpython-313-x86_64-linux-gnu.so [1]
main.py:23:<module> -> ext:/home/burdens/miniconda3/lib/python3.13/uuid.py [1]
<frozen importlib._bootstrap>:488:_call_with_frames_removed -> ext:/home/burdens/miniconda3/lib/python3.13/lib-dynload/_hashlib.cpython-313-x86_64-linux-gnu.so [3]
<frozen importlib._bootstrap>:488:_call_with_frames_removed -> ext:/home/burdens/miniconda3/lib/python3.13/lib-dynload/_blake2.cpython-313-x86_64-linux-gnu.so [1]
main.py:24:<module> -> ext:/home/burdens/miniconda3/lib/python3.13/hashlib.py [1]
main.py:25:<module> -> ext:/home/burdens/miniconda3/lib/python3.13/datetime.py [1]
main.py:28:main -> ext:/home/burdens/miniconda3/lib/python3.13/locale.py [6]
main.py:28:main -> ext:/home/burdens/miniconda3/lib/python3.13/shutil.py [1]
main.py:29:main -> ext:/home/burdens/miniconda3/lib/python3.13/shutil.py [1]
main.py:30:main -> ext:/home/burdens/miniconda3/lib/python3.13/shutil.py [1]
main.py:31:main -> ext:/home/burdens/miniconda3/lib/python3.13/shutil.py [1]
main.py:32:main -> ext:/home/burdens/miniconda3/lib/python3.13/shutil.py [1]
main.py:33:main -> ext:/home/burdens/miniconda3/lib/python3.13/shutil.py [1]
main.py:34:main -> ext:/home/burdens/miniconda3/lib/python3.13/shutil.py [1]
main.py:35:main -> ext:/home/burdens/miniconda3/lib/python3.13/shutil.py [1]
main.py:36:main -> ext:/home/burdens/miniconda3/lib/python3.13/shutil.py [1]
main.py:39:main -> ext:/home/burdens/miniconda3/lib/python3.13/shutil.py [1]
